This file contains any messages produced by compilers while
running configure, to aid debugging if configure makes a mistake.

It was created by ejabberd configure 16.09, which was
generated by GNU Autoconf 2.63.  Invocation command line was

  $ ./configure --prefix=/startalk/ejabberd --with-erlang=/startalk/erlang1903 --enable-pgsql --enable-full-xml

## --------- ##
## Platform. ##
## --------- ##

hostname = 0x00.me
uname -m = x86_64
uname -r = 3.10.0-1062.4.1.el7.x86_64
uname -s = Linux
uname -v = #1 SMP Fri Oct 18 17:15:30 UTC 2019

/usr/bin/uname -p = x86_64
/bin/uname -X     = unknown

/bin/arch              = x86_64
/usr/bin/arch -k       = unknown
/usr/convex/getsysinfo = unknown
/usr/bin/hostinfo      = unknown
/bin/machine           = unknown
/usr/bin/oslevel       = unknown
/bin/universe          = unknown

PATH: /usr/local/bin
PATH: /usr/bin
PATH: /home/0x00/bin
PATH: /usr/local/sbin
PATH: /usr/sbin


## ----------- ##
## Core tests. ##
## ----------- ##

configure:1850: checking whether make sets $(MAKE)
configure:1872: result: yes
configure:1926: checking for a BSD-compatible install
configure:1994: result: /usr/bin/install -c
configure:2005: checking for a sed that does not truncate output
configure:2071: result: /usr/bin/sed
configure:2140: checking for erl
configure:2158: found /startalk/erlang1903/bin/erl
configure:2170: result: /startalk/erlang1903/bin/erl
configure:2238: checking for erlc
configure:2256: found /startalk/erlang1903/bin/erlc
configure:2268: result: /startalk/erlang1903/bin/erlc
configure:2336: checking for epmd
configure:2354: found /startalk/erlang1903/bin/epmd
configure:2366: result: /startalk/erlang1903/bin/epmd
configure:2390: checking for erl
configure:2392: result: /startalk/erlang1903/bin/erl
configure:2501: checking for erlc
configure:2503: result: /startalk/erlang1903/bin/erlc
configure:2620: checking Erlang/OTP version
configure:2707: result: ok
configure:2809: checking for Erlang/OTP root directory
configure:2844: $ERLC $ERLCFLAGS -b beam conftest.$ac_ext >&5 ; echo "#!/bin/sh" > conftest$ac_exeext ; $as_echo "\"$ERL\" -run conftest start -run init stop -noshell" >> conftest$ac_exeext ; chmod +x conftest$ac_exeext
configure:2848: $? = 0
configure:2854: ./conftest
configure:2858: $? = 0
configure:2887: result: /startalk/erlang1903/lib/erlang
configure:2897: checking for escript
configure:2915: found /startalk/erlang1903/lib/erlang/bin/escript
configure:2927: result: /startalk/erlang1903/lib/erlang/bin/escript
configure:2939: checking for make
configure:2955: found /usr/bin/make
configure:2966: result: make
configure:3259: checking whether Erlang is using deprecated types
configure:3268: result: no
configure:4551: creating ./config.status

## ---------------------- ##
## Running config.status. ##
## ---------------------- ##

This file was extended by ejabberd config.status 16.09, which was
generated by GNU Autoconf 2.63.  Invocation command line was

  CONFIG_FILES    = 
  CONFIG_HEADERS  = 
  CONFIG_LINKS    = 
  CONFIG_COMMANDS = 
  $ ./config.status 

on 0x00.me

config.status:678: creating Makefile
config.status:678: creating vars.config
config.status:678: creating src/ejabberd.app.src

## ---------------- ##
## Cache variables. ##
## ---------------- ##

ac_cv_env_CC_set=
ac_cv_env_CC_value=
ac_cv_env_CFLAGS_set=
ac_cv_env_CFLAGS_value=
ac_cv_env_CPPFLAGS_set=
ac_cv_env_CPPFLAGS_value=
ac_cv_env_ERLCFLAGS_set=
ac_cv_env_ERLCFLAGS_value=
ac_cv_env_ERLC_set=
ac_cv_env_ERLC_value=
ac_cv_env_ERL_set=
ac_cv_env_ERL_value=
ac_cv_env_LDFLAGS_set=
ac_cv_env_LDFLAGS_value=
ac_cv_env_LIBS_set=
ac_cv_env_LIBS_value=
ac_cv_env_build_alias_set=
ac_cv_env_build_alias_value=
ac_cv_env_host_alias_set=
ac_cv_env_host_alias_value=
ac_cv_env_target_alias_set=
ac_cv_env_target_alias_value=
ac_cv_path_ESCRIPT=/startalk/erlang1903/lib/erlang/bin/escript
ac_cv_path_SED=/usr/bin/sed
ac_cv_path_ac_pt_EPMD=/startalk/erlang1903/bin/epmd
ac_cv_path_ac_pt_ERL=/startalk/erlang1903/bin/erl
ac_cv_path_ac_pt_ERLC=/startalk/erlang1903/bin/erlc
ac_cv_path_install='/usr/bin/install -c'
ac_cv_prog_MAKE=make
ac_cv_prog_make_make_set=yes
erlang_cv_root_dir=/startalk/erlang1903/lib/erlang

## ----------------- ##
## Output variables. ##
## ----------------- ##

CC=''
CFLAGS=''
CPPFLAGS=''
DEFS='-DPACKAGE_NAME=\"ejabberd\" -DPACKAGE_TARNAME=\"ejabberd\" -DPACKAGE_VERSION=\"16.09\" -DPACKAGE_STRING=\"ejabberd\ 16.09\" -DPACKAGE_BUGREPORT=\"ejabberd@process-one.net\"'
ECHO_C=''
ECHO_N='-n'
ECHO_T=''
EPMD='/startalk/erlang1903/bin/epmd'
ERL='/startalk/erlang1903/bin/erl'
ERLANG_ROOT_DIR='/startalk/erlang1903/lib/erlang'
ERLC='/startalk/erlang1903/bin/erlc'
ERLCFLAGS=''
ESCRIPT='/startalk/erlang1903/lib/erlang/bin/escript'
EXEEXT=''
INSTALLUSER=''
INSTALL_DATA='${INSTALL} -m 644'
INSTALL_PROGRAM='${INSTALL}'
INSTALL_SCRIPT='${INSTALL}'
LDFLAGS=''
LIBOBJS=''
LIBS=''
LTLIBOBJS=''
MAKE='make'
OBJEXT=''
PACKAGE_BUGREPORT='ejabberd@process-one.net'
PACKAGE_NAME='ejabberd'
PACKAGE_STRING='ejabberd 16.09'
PACKAGE_TARNAME='ejabberd'
PACKAGE_VERSION='16.09'
PATH_SEPARATOR=':'
SED='/usr/bin/sed'
SET_MAKE=''
SHELL='/bin/sh'
SQLITE3_CFLAGS=''
SQLITE3_LDFLAGS=''
SQLITE3_VERSION=''
ac_ct_CC=''
bindir='${exec_prefix}/bin'
build_alias=''
datadir='${datarootdir}'
datarootdir='${prefix}/share'
db_type='generic'
debug='true'
docdir='${datarootdir}/doc/${PACKAGE_TARNAME}'
dvidir='${docdir}'
elixir='false'
erlang_deprecated_types='false'
exec_prefix='${prefix}'
full_xml='true'
hipe='false'
host_alias=''
htmldir='${docdir}'
iconv='true'
includedir='${prefix}/include'
infodir='${datarootdir}/info'
latest_deps='false'
libdir='${exec_prefix}/lib'
libexecdir='${exec_prefix}/libexec'
localedir='${datarootdir}/locale'
localstatedir='${prefix}/var'
mandir='${datarootdir}/man'
mysql='false'
odbc='false'
oldincludedir='/usr/include'
pam='false'
pdfdir='${docdir}'
pgsql='true'
prefix='/startalk/ejabberd'
program_transform_name='s,x,x,'
psdir='${docdir}'
redis='false'
riak='false'
roster_gateway_workaround='false'
sbindir='${exec_prefix}/sbin'
sharedstatedir='${prefix}/com'
sqlite='false'
sysconfdir='${prefix}/etc'
target_alias=''
tools='false'
zlib='true'

## ----------- ##
## confdefs.h. ##
## ----------- ##

#define PACKAGE_NAME "ejabberd"
#define PACKAGE_TARNAME "ejabberd"
#define PACKAGE_VERSION "16.09"
#define PACKAGE_STRING "ejabberd 16.09"
#define PACKAGE_BUGREPORT "ejabberd@process-one.net"

configure: exit 0
